<?xml version="1.0" encoding="UTF-8"?>
<!-- Generated by org.testng.reporters.JUnitXMLReporter -->
<testsuite ignored="0" hostname="BOOK-ROIQ0ITO0M" failures="0" tests="4" name="Wellcomepackage" time="19.282" errors="0" timestamp="2023-08-15T22:21:15 IST">
  <testcase classname="Wellcomepackage.BrowserOpenTesting" name="test" time="13.16"/>
  <testcase classname="Wellcomepackage.LoginPageTest" name="loginPageaTest" time="1.091"/>
  <testcase classname="Wellcomepackage.LoginPageTest" name="SuccessAlert" time="0.078"/>
  <testcase classname="Wellcomepackage.LoginPageTest" name="lambdatest" time="4.817"/>
</testsuite> <!-- Wellcomepackage -->
