<?xml version="1.0" encoding="UTF-8"?>
<!-- Generated by org.testng.reporters.JUnitXMLReporter -->
<testsuite ignored="4" hostname="BOOK-ROIQ0ITO0M" failures="0" tests="1" name="Default test" time="19.129" errors="0" timestamp="2023-08-16T11:12:34 IST">
  <testcase classname="Wellcomepackage.LoginPageTest" name="iframeTesting" time="19.07"/>
  <testcase classname="Wellcomepackage.LoginPageTest" name="lambdatest" time="0.0">
    <ignored/>
  </testcase> <!-- lambdatest -->
  <testcase classname="Wellcomepackage.LoginPageTest" name="SuccessAlert" time="0.0">
    <ignored/>
  </testcase> <!-- SuccessAlert -->
  <testcase classname="Wellcomepackage.LoginPageTest" name="loginPageaTest" time="0.0">
    <ignored/>
  </testcase> <!-- loginPageaTest -->
  <testcase classname="Wellcomepackage.LoginPageTest" name="FindWindowHandles" time="0.0">
    <ignored/>
  </testcase> <!-- FindWindowHandles -->
</testsuite> <!-- Default test -->
