<?xml version="1.0" encoding="UTF-8"?>
<!-- Generated by org.testng.reporters.JUnitXMLReporter -->
<testsuite ignored="0" hostname="BOOK-ROIQ0ITO0M" failures="0" tests="3" name="Default test" time="9.205" errors="0" timestamp="2023-08-15T22:17:02 IST">
  <testcase classname="Wellcomepackage.LoginPageTest" name="loginPageaTest" time="2.799"/>
  <testcase classname="Wellcomepackage.LoginPageTest" name="SuccessAlert" time="0.109"/>
  <testcase classname="Wellcomepackage.LoginPageTest" name="lambdatest" time="6.199"/>
</testsuite> <!-- Default test -->
